<?xml version="1.0" encoding="UTF-8"?>
<coverage generated="1545326775286" clover="3.2.0">
  <project timestamp="1545326775286" name="All files">
    <metrics statements="60" coveredstatements="45" conditionals="16" coveredconditionals="11" methods="15" coveredmethods="12" elements="91" coveredelements="68" complexity="0" loc="60" ncloc="60" packages="6" files="9" classes="9">
      <package name="src">
        <metrics statements="4" coveredstatements="4" conditionals="0" coveredconditionals="0" methods="0" coveredmethods="0"/>
        <file name="configFirebase.js" path="C:\inetpub\wwwroot\data_table\src\configFirebase.js">
          <metrics statements="4" coveredstatements="4" conditionals="0" coveredconditionals="0" methods="0" coveredmethods="0"/>
          <line num="4" count="4" type="stmt"/>
          <line num="13" count="4" type="stmt"/>
          <line num="16" count="4" type="stmt"/>
          <line num="19" count="4" type="stmt"/>
        </file>
      </package>
      <package name="src.api">
        <metrics statements="3" coveredstatements="0" conditionals="0" coveredconditionals="0" methods="2" coveredmethods="0"/>
        <file name="payments.js" path="C:\inetpub\wwwroot\data_table\src\api\payments.js">
          <metrics statements="3" coveredstatements="0" conditionals="0" coveredconditionals="0" methods="2" coveredmethods="0"/>
          <line num="5" count="0" type="stmt"/>
          <line num="13" count="0" type="stmt"/>
          <line num="16" count="0" type="stmt"/>
        </file>
      </package>
      <package name="src.components.data_table">
        <metrics statements="14" coveredstatements="7" conditionals="2" coveredconditionals="0" methods="2" coveredmethods="2"/>
        <file name="DataTable.vue" path="C:\inetpub\wwwroot\data_table\src\components\data_table\DataTable.vue">
          <metrics statements="2" coveredstatements="1" conditionals="0" coveredconditionals="0" methods="0" coveredmethods="0"/>
          <line num="11" count="1" type="stmt"/>
          <line num="15" count="0" type="stmt"/>
        </file>
        <file name="DataTableField.vue" path="C:\inetpub\wwwroot\data_table\src\components\data_table\DataTableField.vue">
          <metrics statements="4" coveredstatements="2" conditionals="0" coveredconditionals="0" methods="0" coveredmethods="0"/>
          <line num="52" count="2" type="stmt"/>
          <line num="58" count="2" type="stmt"/>
          <line num="62" count="0" type="stmt"/>
          <line num="66" count="0" type="stmt"/>
        </file>
        <file name="DataTableHeader.vue" path="C:\inetpub\wwwroot\data_table\src\components\data_table\DataTableHeader.vue">
          <metrics statements="8" coveredstatements="4" conditionals="2" coveredconditionals="0" methods="2" coveredmethods="2"/>
          <line num="20" count="2" type="stmt"/>
          <line num="29" count="1" type="stmt"/>
          <line num="35" count="0" type="cond" truecount="0" falsecount="2"/>
          <line num="36" count="0" type="stmt"/>
          <line num="38" count="0" type="stmt"/>
          <line num="39" count="0" type="stmt"/>
          <line num="45" count="1" type="stmt"/>
          <line num="46" count="1" type="stmt"/>
        </file>
      </package>
      <package name="src.pages">
        <metrics statements="6" coveredstatements="6" conditionals="0" coveredconditionals="0" methods="0" coveredmethods="0"/>
        <file name="HomePage.vue" path="C:\inetpub\wwwroot\data_table\src\pages\HomePage.vue">
          <metrics statements="6" coveredstatements="6" conditionals="0" coveredconditionals="0" methods="0" coveredmethods="0"/>
          <line num="26" count="1" type="stmt"/>
          <line num="27" count="1" type="stmt"/>
          <line num="28" count="1" type="stmt"/>
          <line num="29" count="1" type="stmt"/>
          <line num="30" count="1" type="stmt"/>
          <line num="34" count="1" type="stmt"/>
        </file>
      </package>
      <package name="src.vuex">
        <metrics statements="1" coveredstatements="1" conditionals="0" coveredconditionals="0" methods="0" coveredmethods="0"/>
        <file name="store.js" path="C:\inetpub\wwwroot\data_table\src\vuex\store.js">
          <metrics statements="1" coveredstatements="1" conditionals="0" coveredconditionals="0" methods="0" coveredmethods="0"/>
          <line num="6" count="3" type="stmt"/>
        </file>
      </package>
      <package name="src.vuex.modules">
        <metrics statements="32" coveredstatements="27" conditionals="14" coveredconditionals="11" methods="11" coveredmethods="10"/>
        <file name="filters.js" path="C:\inetpub\wwwroot\data_table\src\vuex\modules\filters.js">
          <metrics statements="21" coveredstatements="20" conditionals="14" coveredconditionals="11" methods="7" coveredmethods="7"/>
          <line num="1" count="4" type="stmt"/>
          <line num="6" count="4" type="stmt"/>
          <line num="7" count="1" type="stmt"/>
          <line num="8" count="1" type="cond" truecount="1" falsecount="1"/>
          <line num="9" count="1" type="stmt"/>
          <line num="10" count="1" type="stmt"/>
          <line num="13" count="4" type="stmt"/>
          <line num="17" count="4" type="stmt"/>
          <line num="19" count="11" type="stmt"/>
          <line num="20" count="687" type="cond" truecount="5" falsecount="1"/>
          <line num="22" count="6" type="stmt"/>
          <line num="24" count="6" type="stmt"/>
          <line num="26" count="6" type="stmt"/>
          <line num="28" count="663" type="stmt"/>
          <line num="29" count="663" type="stmt"/>
          <line num="31" count="663" type="stmt"/>
          <line num="33" count="6" type="stmt"/>
          <line num="35" count="0" type="stmt"/>
          <line num="42" count="687" type="cond" truecount="2" falsecount="0"/>
          <line num="43" count="672" type="cond" truecount="2" falsecount="0"/>
          <line num="45" count="15" type="cond" truecount="1" falsecount="1"/>
        </file>
        <file name="payments.js" path="C:\inetpub\wwwroot\data_table\src\vuex\modules\payments.js">
          <metrics statements="11" coveredstatements="7" conditionals="0" coveredconditionals="0" methods="4" coveredmethods="3"/>
          <line num="3" count="4" type="stmt"/>
          <line num="708" count="4" type="stmt"/>
          <line num="709" count="1" type="stmt"/>
          <line num="712" count="4" type="stmt"/>
          <line num="714" count="0" type="stmt"/>
          <line num="715" count="0" type="stmt"/>
          <line num="716" count="0" type="stmt"/>
          <line num="717" count="0" type="stmt"/>
          <line num="721" count="4" type="stmt"/>
          <line num="722" count="2" type="stmt"/>
          <line num="723" count="101" type="stmt"/>
        </file>
      </package>
    </metrics>
  </project>
</coverage>
