{"C:\\inetpub\\wwwroot\\data_table\\src\\configFirebase.js": {"path":"C:\\inetpub\\wwwroot\\data_table\\src\\configFirebase.js","statementMap":{"0":{"start":{"line":4,"column":15},"end":{"line":11,"column":1}},"1":{"start":{"line":13,"column":0},"end":{"line":13,"column":30}},"2":{"start":{"line":16,"column":9},"end":{"line":16,"column":29}},"3":{"start":{"line":19,"column":0},"end":{"line":21,"column":3}}},"fnMap":{},"branchMap":{},"s":{"0":4,"1":4,"2":4,"3":4},"f":{},"b":{},"_coverageSchema":"332fd63041d2c1bcb487cc26dd0d5f7d97098a6c","hash":"d23f0f53dbb639ccabaeadf5a521a46aa8fecbbc"}
,"C:\\inetpub\\wwwroot\\data_table\\src\\api\\payments.js": {"path":"C:\\inetpub\\wwwroot\\data_table\\src\\api\\payments.js","statementMap":{"0":{"start":{"line":5,"column":8},"end":{"line":17,"column":11}},"1":{"start":{"line":13,"column":12},"end":{"line":13,"column":51}},"2":{"start":{"line":16,"column":12},"end":{"line":16,"column":53}}},"fnMap":{"0":{"name":"(anonymous_0)","decl":{"start":{"line":12,"column":14},"end":{"line":12,"column":15}},"loc":{"start":{"line":12,"column":25},"end":{"line":14,"column":9}},"line":12},"1":{"name":"(anonymous_1)","decl":{"start":{"line":15,"column":15},"end":{"line":15,"column":16}},"loc":{"start":{"line":15,"column":31},"end":{"line":17,"column":9}},"line":15}},"branchMap":{},"s":{"0":0,"1":0,"2":0},"f":{"0":0,"1":0},"b":{},"_coverageSchema":"332fd63041d2c1bcb487cc26dd0d5f7d97098a6c","hash":"f1cdf1cc456ebdfdc2a18b9ab0b378358d30777f"}
,"C:\\inetpub\\wwwroot\\data_table\\src\\components\\data_table\\DataTable.vue": {"path":"C:\\inetpub\\wwwroot\\data_table\\src\\components\\data_table\\DataTable.vue","statementMap":{"0":{"start":{"line":11,"column":0},"end":{"line":null,"column":-1}},"1":{"start":{"line":15,"column":0},"end":{"line":null,"column":-1}}},"fnMap":{},"branchMap":{},"s":{"0":1,"1":0},"f":{},"b":{}}
,"C:\\inetpub\\wwwroot\\data_table\\src\\components\\data_table\\DataTableField.vue": {"path":"C:\\inetpub\\wwwroot\\data_table\\src\\components\\data_table\\DataTableField.vue","statementMap":{"0":{"start":{"line":52,"column":0},"end":{"line":null,"column":-1}},"1":{"start":{"line":58,"column":0},"end":{"line":null,"column":-1}},"2":{"start":{"line":62,"column":0},"end":{"line":null,"column":-1}},"3":{"start":{"line":66,"column":0},"end":{"line":null,"column":-1}}},"fnMap":{},"branchMap":{},"s":{"0":2,"1":2,"2":0,"3":0},"f":{},"b":{}}
,"C:\\inetpub\\wwwroot\\data_table\\src\\components\\data_table\\DataTableHeader.vue": {"path":"C:\\inetpub\\wwwroot\\data_table\\src\\components\\data_table\\DataTableHeader.vue","statementMap":{"0":{"start":{"line":20,"column":0},"end":{"line":null,"column":-1}},"1":{"start":{"line":29,"column":0},"end":{"line":null,"column":-1}},"2":{"start":{"line":35,"column":0},"end":{"line":40,"column":0}},"3":{"start":{"line":36,"column":0},"end":{"line":null,"column":-1}},"4":{"start":{"line":38,"column":0},"end":{"line":null,"column":-1}},"5":{"start":{"line":39,"column":0},"end":{"line":null,"column":-1}},"6":{"start":{"line":45,"column":0},"end":{"line":null,"column":-1}},"7":{"start":{"line":46,"column":0},"end":{"line":null,"column":-1}}},"fnMap":{"0":{"name":"(anonymous_1)","decl":{"start":{"line":45,"column":0},"end":{"line":null,"column":-1}},"loc":{"start":{"line":45,"column":0},"end":{"line":null,"column":-1}}},"1":{"name":"(anonymous_2)","decl":{"start":{"line":46,"column":0},"end":{"line":null,"column":-1}},"loc":{"start":{"line":46,"column":0},"end":{"line":null,"column":-1}}}},"branchMap":{"0":{"loc":{"start":{"line":35,"column":0},"end":{"line":40,"column":0}},"type":"if","locations":[{"start":{"line":35,"column":0},"end":{"line":40,"column":0}},{"start":{"line":35,"column":0},"end":{"line":40,"column":0}}]}},"s":{"0":2,"1":1,"2":0,"3":0,"4":0,"5":0,"6":1,"7":1},"f":{"0":1,"1":1},"b":{"0":[0,0]}}
,"C:\\inetpub\\wwwroot\\data_table\\src\\pages\\HomePage.vue": {"path":"C:\\inetpub\\wwwroot\\data_table\\src\\pages\\HomePage.vue","statementMap":{"0":{"start":{"line":26,"column":0},"end":{"line":null,"column":-1}},"1":{"start":{"line":27,"column":0},"end":{"line":null,"column":-1}},"2":{"start":{"line":28,"column":0},"end":{"line":null,"column":-1}},"3":{"start":{"line":29,"column":0},"end":{"line":null,"column":-1}},"4":{"start":{"line":30,"column":0},"end":{"line":null,"column":-1}},"5":{"start":{"line":34,"column":0},"end":{"line":null,"column":-1}}},"fnMap":{},"branchMap":{},"s":{"0":1,"1":1,"2":1,"3":1,"4":1,"5":1},"f":{},"b":{}}
,"C:\\inetpub\\wwwroot\\data_table\\src\\vuex\\store.js": {"path":"C:\\inetpub\\wwwroot\\data_table\\src\\vuex\\store.js","statementMap":{"0":{"start":{"line":6,"column":0},"end":{"line":6,"column":13}}},"fnMap":{},"branchMap":{},"s":{"0":3},"f":{},"b":{},"_coverageSchema":"332fd63041d2c1bcb487cc26dd0d5f7d97098a6c","hash":"d962f076cd6ec509a436827cce5f8611f1999e6b"}
,"C:\\inetpub\\wwwroot\\data_table\\src\\vuex\\modules\\filters.js": {"path":"C:\\inetpub\\wwwroot\\data_table\\src\\vuex\\modules\\filters.js","statementMap":{"0":{"start":{"line":1,"column":21},"end":{"line":4,"column":1}},"1":{"start":{"line":6,"column":25},"end":{"line":11,"column":1}},"2":{"start":{"line":7,"column":32},"end":{"line":7,"column":52}},"3":{"start":{"line":8,"column":37},"end":{"line":8,"column":133}},"4":{"start":{"line":9,"column":38},"end":{"line":9,"column":68}},"5":{"start":{"line":10,"column":37},"end":{"line":10,"column":66}},"6":{"start":{"line":13,"column":23},"end":{"line":15,"column":1}},"7":{"start":{"line":17,"column":23},"end":{"line":39,"column":1}},"8":{"start":{"line":19,"column":8},"end":{"line":37,"column":10}},"9":{"start":{"line":20,"column":12},"end":{"line":36,"column":13}},"10":{"start":{"line":22,"column":20},"end":{"line":22,"column":74}},"11":{"start":{"line":24,"column":20},"end":{"line":24,"column":78}},"12":{"start":{"line":26,"column":20},"end":{"line":26,"column":92}},"13":{"start":{"line":28,"column":32},"end":{"line":28,"column":50}},"14":{"start":{"line":29,"column":32},"end":{"line":29,"column":50}},"15":{"start":{"line":31,"column":20},"end":{"line":31,"column":76}},"16":{"start":{"line":33,"column":20},"end":{"line":33,"column":82}},"17":{"start":{"line":35,"column":20},"end":{"line":35,"column":26}},"18":{"start":{"line":42,"column":4},"end":{"line":46,"column":5}},"19":{"start":{"line":43,"column":8},"end":{"line":43,"column":35}},"20":{"start":{"line":45,"column":8},"end":{"line":45,"column":35}}},"fnMap":{"0":{"name":"(anonymous_0)","decl":{"start":{"line":7,"column":14},"end":{"line":7,"column":15}},"loc":{"start":{"line":7,"column":32},"end":{"line":7,"column":52}},"line":7},"1":{"name":"(anonymous_1)","decl":{"start":{"line":8,"column":26},"end":{"line":8,"column":27}},"loc":{"start":{"line":8,"column":37},"end":{"line":8,"column":133}},"line":8},"2":{"name":"(anonymous_2)","decl":{"start":{"line":9,"column":27},"end":{"line":9,"column":28}},"loc":{"start":{"line":9,"column":38},"end":{"line":9,"column":68}},"line":9},"3":{"name":"(anonymous_3)","decl":{"start":{"line":10,"column":26},"end":{"line":10,"column":27}},"loc":{"start":{"line":10,"column":37},"end":{"line":10,"column":66}},"line":10},"4":{"name":"(anonymous_4)","decl":{"start":{"line":18,"column":21},"end":{"line":18,"column":22}},"loc":{"start":{"line":18,"column":70},"end":{"line":38,"column":5}},"line":18},"5":{"name":"(anonymous_5)","decl":{"start":{"line":19,"column":51},"end":{"line":19,"column":52}},"loc":{"start":{"line":19,"column":60},"end":{"line":37,"column":9}},"line":19},"6":{"name":"returnOrderedValue","decl":{"start":{"line":41,"column":9},"end":{"line":41,"column":27}},"loc":{"start":{"line":41,"column":52},"end":{"line":47,"column":1}},"line":41}},"branchMap":{"0":{"loc":{"start":{"line":8,"column":37},"end":{"line":8,"column":133}},"type":"cond-expr","locations":[{"start":{"line":8,"column":71},"end":{"line":8,"column":101}},{"start":{"line":8,"column":104},"end":{"line":8,"column":133}}],"line":8},"1":{"loc":{"start":{"line":20,"column":12},"end":{"line":36,"column":13}},"type":"switch","locations":[{"start":{"line":21,"column":16},"end":{"line":22,"column":74}},{"start":{"line":23,"column":16},"end":{"line":24,"column":78}},{"start":{"line":25,"column":16},"end":{"line":26,"column":92}},{"start":{"line":27,"column":16},"end":{"line":31,"column":76}},{"start":{"line":32,"column":16},"end":{"line":33,"column":82}},{"start":{"line":34,"column":16},"end":{"line":35,"column":26}}],"line":20},"2":{"loc":{"start":{"line":42,"column":4},"end":{"line":46,"column":5}},"type":"if","locations":[{"start":{"line":42,"column":4},"end":{"line":46,"column":5}},{"start":{"line":42,"column":4},"end":{"line":46,"column":5}}],"line":42},"3":{"loc":{"start":{"line":43,"column":15},"end":{"line":43,"column":35}},"type":"cond-expr","locations":[{"start":{"line":43,"column":29},"end":{"line":43,"column":30}},{"start":{"line":43,"column":33},"end":{"line":43,"column":35}}],"line":43},"4":{"loc":{"start":{"line":45,"column":15},"end":{"line":45,"column":35}},"type":"cond-expr","locations":[{"start":{"line":45,"column":29},"end":{"line":45,"column":30}},{"start":{"line":45,"column":33},"end":{"line":45,"column":35}}],"line":45}},"s":{"0":4,"1":4,"2":1,"3":1,"4":1,"5":1,"6":4,"7":4,"8":11,"9":687,"10":6,"11":6,"12":6,"13":663,"14":663,"15":663,"16":6,"17":0,"18":687,"19":672,"20":15},"f":{"0":1,"1":1,"2":1,"3":1,"4":11,"5":687,"6":687},"b":{"0":[0,1],"1":[6,6,6,663,6,0],"2":[672,15],"3":[289,383],"4":[15,0]},"_coverageSchema":"332fd63041d2c1bcb487cc26dd0d5f7d97098a6c","hash":"7a3ab36fe95061ecfed3bb3082ba7ae72c66173c"}
,"C:\\inetpub\\wwwroot\\data_table\\src\\vuex\\modules\\payments.js": {"path":"C:\\inetpub\\wwwroot\\data_table\\src\\vuex\\modules\\payments.js","statementMap":{"0":{"start":{"line":3,"column":21},"end":{"line":706,"column":1}},"1":{"start":{"line":708,"column":25},"end":{"line":710,"column":1}},"2":{"start":{"line":709,"column":59},"end":{"line":709,"column":100}},"3":{"start":{"line":712,"column":23},"end":{"line":719,"column":1}},"4":{"start":{"line":714,"column":4},"end":{"line":714,"column":25}},"5":{"start":{"line":715,"column":14},"end":{"line":715,"column":54}},"6":{"start":{"line":716,"column":4},"end":{"line":716,"column":26}},"7":{"start":{"line":717,"column":4},"end":{"line":717,"column":14}},"8":{"start":{"line":721,"column":23},"end":{"line":725,"column":1}},"9":{"start":{"line":722,"column":30},"end":{"line":724,"column":5}},"10":{"start":{"line":723,"column":8},"end":{"line":723,"column":78}}},"fnMap":{"0":{"name":"(anonymous_0)","decl":{"start":{"line":709,"column":21},"end":{"line":709,"column":22}},"loc":{"start":{"line":709,"column":59},"end":{"line":709,"column":100}},"line":709},"1":{"name":"(anonymous_1)","decl":{"start":{"line":713,"column":21},"end":{"line":713,"column":22}},"loc":{"start":{"line":713,"column":52},"end":{"line":718,"column":3}},"line":713},"2":{"name":"(anonymous_2)","decl":{"start":{"line":722,"column":19},"end":{"line":722,"column":20}},"loc":{"start":{"line":722,"column":30},"end":{"line":724,"column":5}},"line":722},"3":{"name":"(anonymous_3)","decl":{"start":{"line":722,"column":30},"end":{"line":722,"column":31}},"loc":{"start":{"line":722,"column":44},"end":{"line":724,"column":5}},"line":722}},"branchMap":{},"s":{"0":4,"1":4,"2":1,"3":4,"4":0,"5":0,"6":0,"7":0,"8":4,"9":2,"10":101},"f":{"0":1,"1":0,"2":2,"3":101},"b":{},"_coverageSchema":"332fd63041d2c1bcb487cc26dd0d5f7d97098a6c","hash":"c4e005837900f7492120c7da64318a0324509104"}
}
