TN:
SF:C:\inetpub\wwwroot\data_table\src\configFirebase.js
FNF:0
FNH:0
DA:4,4
DA:13,4
DA:16,4
DA:19,4
LF:4
LH:4
BRF:0
BRH:0
end_of_record
TN:
SF:C:\inetpub\wwwroot\data_table\src\api\payments.js
FN:12,(anonymous_0)
FN:15,(anonymous_1)
FNF:2
FNH:0
FNDA:0,(anonymous_0)
FNDA:0,(anonymous_1)
DA:5,0
DA:13,0
DA:16,0
LF:3
LH:0
BRF:0
BRH:0
end_of_record
TN:
SF:C:\inetpub\wwwroot\data_table\src\components\data_table\DataTable.vue
FNF:0
FNH:0
DA:11,1
DA:15,0
LF:2
LH:1
BRF:0
BRH:0
end_of_record
TN:
SF:C:\inetpub\wwwroot\data_table\src\components\data_table\DataTableField.vue
FNF:0
FNH:0
DA:52,2
DA:58,2
DA:62,0
DA:66,0
LF:4
LH:2
BRF:0
BRH:0
end_of_record
TN:
SF:C:\inetpub\wwwroot\data_table\src\components\data_table\DataTableHeader.vue
FN:45,(anonymous_1)
FN:46,(anonymous_2)
FNF:2
FNH:2
FNDA:1,(anonymous_1)
FNDA:1,(anonymous_2)
DA:20,2
DA:29,1
DA:35,0
DA:36,0
DA:38,0
DA:39,0
DA:45,1
DA:46,1
LF:8
LH:4
BRDA:35,0,0,0
BRDA:35,0,1,0
BRF:2
BRH:0
end_of_record
TN:
SF:C:\inetpub\wwwroot\data_table\src\pages\HomePage.vue
FNF:0
FNH:0
DA:26,1
DA:27,1
DA:28,1
DA:29,1
DA:30,1
DA:34,1
LF:6
LH:6
BRF:0
BRH:0
end_of_record
TN:
SF:C:\inetpub\wwwroot\data_table\src\vuex\store.js
FNF:0
FNH:0
DA:6,3
LF:1
LH:1
BRF:0
BRH:0
end_of_record
TN:
SF:C:\inetpub\wwwroot\data_table\src\vuex\modules\filters.js
FN:7,(anonymous_0)
FN:8,(anonymous_1)
FN:9,(anonymous_2)
FN:10,(anonymous_3)
FN:18,(anonymous_4)
FN:19,(anonymous_5)
FN:41,returnOrderedValue
FNF:7
FNH:7
FNDA:1,(anonymous_0)
FNDA:1,(anonymous_1)
FNDA:1,(anonymous_2)
FNDA:1,(anonymous_3)
FNDA:11,(anonymous_4)
FNDA:687,(anonymous_5)
FNDA:687,returnOrderedValue
DA:1,4
DA:6,4
DA:7,1
DA:8,1
DA:9,1
DA:10,1
DA:13,4
DA:17,4
DA:19,11
DA:20,687
DA:22,6
DA:24,6
DA:26,6
DA:28,663
DA:29,663
DA:31,663
DA:33,6
DA:35,0
DA:42,687
DA:43,672
DA:45,15
LF:21
LH:20
BRDA:8,0,0,0
BRDA:8,0,1,1
BRDA:20,1,0,6
BRDA:20,1,1,6
BRDA:20,1,2,6
BRDA:20,1,3,663
BRDA:20,1,4,6
BRDA:20,1,5,0
BRDA:42,2,0,672
BRDA:42,2,1,15
BRDA:43,3,0,289
BRDA:43,3,1,383
BRDA:45,4,0,15
BRDA:45,4,1,0
BRF:14
BRH:11
end_of_record
TN:
SF:C:\inetpub\wwwroot\data_table\src\vuex\modules\payments.js
FN:709,(anonymous_0)
FN:713,(anonymous_1)
FN:722,(anonymous_2)
FN:722,(anonymous_3)
FNF:4
FNH:3
FNDA:1,(anonymous_0)
FNDA:0,(anonymous_1)
FNDA:2,(anonymous_2)
FNDA:101,(anonymous_3)
DA:3,4
DA:708,4
DA:709,1
DA:712,4
DA:714,0
DA:715,0
DA:716,0
DA:717,0
DA:721,4
DA:722,2
DA:723,101
LF:11
LH:7
BRF:0
BRH:0
end_of_record
